C:\USERS\DELL\DOCUMENTS\VISUAL STUDIO 2012\PROJECTS\PROJECT1\PROJECT1\DEBUG\CONTROLLER.OBJ
C:\USERS\DELL\DOCUMENTS\VISUAL STUDIO 2012\PROJECTS\PROJECT1\PROJECT1\DEBUG\CREDENTIAL.OBJ
C:\USERS\DELL\DOCUMENTS\VISUAL STUDIO 2012\PROJECTS\PROJECT1\PROJECT1\DEBUG\CUSTOMER.OBJ
C:\USERS\DELL\DOCUMENTS\VISUAL STUDIO 2012\PROJECTS\PROJECT1\PROJECT1\DEBUG\EMPLOYEE.OBJ
C:\USERS\DELL\DOCUMENTS\VISUAL STUDIO 2012\PROJECTS\PROJECT1\PROJECT1\DEBUG\MAIN.OBJ
C:\USERS\DELL\DOCUMENTS\VISUAL STUDIO 2012\PROJECTS\PROJECT1\PROJECT1\DEBUG\PERSON.OBJ
C:\USERS\DELL\DOCUMENTS\VISUAL STUDIO 2012\PROJECTS\PROJECT1\PROJECT1\DEBUG\VC110.PDB
C:\USERS\DELL\DOCUMENTS\VISUAL STUDIO 2012\PROJECTS\PROJECT1\DEBUG\PROJECT1.ILK
C:\USERS\DELL\DOCUMENTS\VISUAL STUDIO 2012\PROJECTS\PROJECT1\DEBUG\PROJECT1.EXE
C:\USERS\DELL\DOCUMENTS\VISUAL STUDIO 2012\PROJECTS\PROJECT1\DEBUG\PROJECT1.PDB
C:\Users\Dell\Documents\Visual Studio 2012\Projects\Project1\Project1\Debug\Controller.obj
C:\Users\Dell\Documents\Visual Studio 2012\Projects\Project1\Project1\Debug\Credential.obj
C:\Users\Dell\Documents\Visual Studio 2012\Projects\Project1\Project1\Debug\Customer.obj
C:\Users\Dell\Documents\Visual Studio 2012\Projects\Project1\Project1\Debug\Employee.obj
C:\Users\Dell\Documents\Visual Studio 2012\Projects\Project1\Project1\Debug\main.obj
C:\Users\Dell\Documents\Visual Studio 2012\Projects\Project1\Project1\Debug\Person.obj
C:\Users\Dell\Documents\Visual Studio 2012\Projects\Project1\Project1\Debug\cl.command.1.tlog
C:\Users\Dell\Documents\Visual Studio 2012\Projects\Project1\Project1\Debug\CL.read.1.tlog
C:\Users\Dell\Documents\Visual Studio 2012\Projects\Project1\Project1\Debug\CL.write.1.tlog
C:\Users\Dell\Documents\Visual Studio 2012\Projects\Project1\Project1\Debug\link-cvtres.read.1.tlog
C:\Users\Dell\Documents\Visual Studio 2012\Projects\Project1\Project1\Debug\link-cvtres.write.1.tlog
C:\Users\Dell\Documents\Visual Studio 2012\Projects\Project1\Project1\Debug\link-rc.read.1.tlog
C:\Users\Dell\Documents\Visual Studio 2012\Projects\Project1\Project1\Debug\link-rc.write.1.tlog
C:\Users\Dell\Documents\Visual Studio 2012\Projects\Project1\Project1\Debug\link.command.1.tlog
C:\Users\Dell\Documents\Visual Studio 2012\Projects\Project1\Project1\Debug\link.read.1.tlog
C:\Users\Dell\Documents\Visual Studio 2012\Projects\Project1\Project1\Debug\link.write.1.tlog
C:\Users\Dell\Documents\Visual Studio 2012\Projects\Project1\Project1\Debug\vc110.idb
C:\Users\Dell\Documents\Visual Studio 2012\Projects\Project1\Project1\Debug\vc110.pdb
C:\Users\Dell\Documents\Visual Studio 2012\Projects\Project1\Debug\Project1.pdb
C:\Users\Dell\Documents\Visual Studio 2012\Projects\Project1\Debug\Project1.exe
C:\Users\Dell\Documents\Visual Studio 2012\Projects\Project1\Debug\Project1.ilk
